<?xml version="1.0" encoding="UTF-8"?>
<!-- Generated by org.testng.reporters.JUnitXMLReporter -->
<testsuite ignored="0" hostname="Deshan" failures="0" tests="5" name="Default test" time="28.551" errors="0" timestamp="06 Jun 2021 15:50:48 GMT">
  <testcase classname="com.qa.practice.tests.UI_Page_Test" name="inputTest" time="2.446"/>
  <testcase classname="com.qa.practice.tests.UI_Page_Test" name="buttonTest" time="0.538"/>
  <testcase classname="com.qa.practice.tests.UI_Page_Test" name="selectTest" time="0.961"/>
  <testcase classname="com.qa.practice.tests.UI_Page_Test" name="AlertTest" time="6.09"/>
  <testcase classname="com.qa.practice.tests.UI_Page_Test" name="FramesTest" time="1.658"/>
</testsuite> <!-- Default test -->
